<?xml version="1.0" encoding="utf-8"?>
<coverage line-rate="0.6666" branch-rate="0.6722" version="1.9" timestamp="1694425479" lines-covered="252" lines-valid="378" branches-covered="201" branches-valid="299">
  <sources>
    <source>D:\SideProject\NugetPackageTest\</source>
  </sources>
  <packages>
    <package name="ExcelConverter" line-rate="0.7120000000000001" branch-rate="0.6587999999999999" complexity="265">
      <classes>
        <class name="ExcelConverter.ExcelComponent" filename="ExcelTableLocator\ExcelComponent.cs" line-rate="0.7049" branch-rate="0.6587999999999999" complexity="259">
          <methods>
            <method name="export" signature="(System.Data.DataTable)" line-rate="1" branch-rate="1" complexity="1">
              <lines>
                <line number="29" hits="2" branch="False" />
                <line number="30" hits="2" branch="False" />
                <line number="31" hits="2" branch="False" />
                <line number="32" hits="2" branch="False" />
                <line number="33" hits="2" branch="False" />
                <line number="34" hits="2" branch="False" />
              </lines>
            </method>
            <method name="export" signature="(System.Data.DataSet)" line-rate="1" branch-rate="0.75" complexity="4">
              <lines>
                <line number="39" hits="12" branch="True" condition-coverage="75% (3/4)">
                  <conditions>
                    <condition number="81" type="jump" coverage="100%" />
                    <condition number="59" type="jump" coverage="50%" />
                  </conditions>
                </line>
                <line number="41" hits="4" branch="False" />
                <line number="42" hits="4" branch="False" />
                <line number="44" hits="2" branch="False" />
                <line number="45" hits="2" branch="False" />
                <line number="46" hits="2" branch="False" />
                <line number="47" hits="2" branch="False" />
                <line number="48" hits="2" branch="False" />
              </lines>
            </method>
            <method name="export" signature="(System.Collections.Generic.List`1&lt;T&gt;)" line-rate="0.6545000000000001" branch-rate="0.6612" complexity="62">
              <lines>
                <line number="53" hits="3" branch="False" />
                <line number="54" hits="3" branch="False" />
                <line number="55" hits="3" branch="False" />
                <line number="56" hits="3" branch="True" condition-coverage="100% (2/2)">
                  <conditions>
                    <condition number="69" type="jump" coverage="100%" />
                  </conditions>
                </line>
                <line number="58" hits="3" branch="False" />
                <line number="59" hits="42" branch="True" condition-coverage="100% (2/2)">
                  <conditions>
                    <condition number="175" type="jump" coverage="100%" />
                  </conditions>
                </line>
                <line number="61" hits="18" branch="False" />
                <line number="62" hits="18" branch="False" />
                <line number="63" hits="18" branch="True" condition-coverage="50% (1/2)">
                  <conditions>
                    <condition number="131" type="jump" coverage="50%" />
                  </conditions>
                </line>
                <line number="64" hits="0" branch="False" />
                <line number="66" hits="18" branch="False" />
                <line number="69" hits="3" branch="False" />
                <line number="70" hits="24" branch="True" condition-coverage="100% (2/2)">
                  <conditions>
                    <condition number="1103" type="jump" coverage="100%" />
                  </conditions>
                </line>
                <line number="72" hits="9" branch="False" />
                <line number="73" hits="126" branch="True" condition-coverage="100% (2/2)">
                  <conditions>
                    <condition number="1091" type="jump" coverage="100%" />
                  </conditions>
                </line>
                <line number="75" hits="54" branch="False" />
                <line number="76" hits="54" branch="True" condition-coverage="100% (2/2)">
                  <conditions>
                    <condition number="280" type="jump" coverage="100%" />
                  </conditions>
                </line>
                <line number="78" hits="18" branch="False" />
                <line number="79" hits="18" branch="False" />
                <line number="80" hits="18" branch="False" />
                <line number="81" hits="18" branch="False" />
                <line number="83" hits="54" branch="False" />
                <line number="84" hits="54" branch="True" condition-coverage="60% (30/50)">
                  <conditions>
                    <condition number="389" type="jump" coverage="100%" />
                    <condition number="407" type="switch" coverage="75%" />
                    <condition number="443" type="jump" coverage="50%" />
                    <condition number="449" type="jump" coverage="0%" />
                    <condition number="472" type="jump" coverage="50%" />
                    <condition number="505" type="jump" coverage="50%" />
                    <condition number="511" type="jump" coverage="50%" />
                    <condition number="534" type="jump" coverage="0%" />
                    <condition number="567" type="jump" coverage="0%" />
                    <condition number="458" type="jump" coverage="50%" />
                    <condition number="481" type="jump" coverage="100%" />
                    <condition number="520" type="jump" coverage="100%" />
                    <condition number="543" type="jump" coverage="50%" />
                    <condition number="576" type="jump" coverage="50%" />
                    <condition number="598" type="jump" coverage="50%" />
                    <condition number="620" type="jump" coverage="50%" />
                    <condition number="642" type="jump" coverage="50%" />
                    <condition number="686" type="jump" coverage="50%" />
                    <condition number="708" type="jump" coverage="100%" />
                    <condition number="730" type="jump" coverage="50%" />
                    <condition number="774" type="jump" coverage="50%" />
                    <condition number="664" type="jump" coverage="100%" />
                    <condition number="752" type="jump" coverage="100%" />
                    <condition number="796" type="jump" coverage="100%" />
                  </conditions>
                </line>
                <line number="87" hits="0" branch="False" />
                <line number="88" hits="0" branch="False" />
                <line number="89" hits="0" branch="False" />
                <line number="91" hits="0" branch="False" />
                <line number="92" hits="0" branch="False" />
                <line number="93" hits="0" branch="False" />
                <line number="95" hits="0" branch="False" />
                <line number="96" hits="0" branch="False" />
                <line number="97" hits="0" branch="False" />
                <line number="99" hits="0" branch="False" />
                <line number="100" hits="0" branch="False" />
                <line number="101" hits="0" branch="False" />
                <line number="103" hits="9" branch="False" />
                <line number="104" hits="9" branch="False" />
                <line number="105" hits="9" branch="False" />
                <line number="107" hits="0" branch="False" />
                <line number="108" hits="0" branch="False" />
                <line number="109" hits="0" branch="False" />
                <line number="111" hits="0" branch="False" />
                <line number="112" hits="0" branch="False" />
                <line number="113" hits="0" branch="False" />
                <line number="117" hits="9" branch="False" />
                <line number="118" hits="9" branch="False" />
                <line number="119" hits="9" branch="False" />
                <line number="121" hits="36" branch="False" />
                <line number="122" hits="36" branch="False" />
                <line number="127" hits="3" branch="False" />
                <line number="128" hits="3" branch="False" />
                <line number="129" hits="3" branch="False" />
                <line number="130" hits="3" branch="False" />
                <line number="131" hits="3" branch="False" />
                <line number="132" hits="3" branch="False" />
              </lines>
            </method>
            <method name="readFileDT" signature="(System.IO.FileStream)" line-rate="1" branch-rate="1" complexity="1">
              <lines>
                <line number="137" hits="2" branch="False" />
                <line number="138" hits="2" branch="False" />
                <line number="139" hits="2" branch="False" />
                <line number="140" hits="2" branch="False" />
              </lines>
            </method>
            <method name="readFileDS" signature="(System.IO.FileStream)" line-rate="1" branch-rate="0.75" complexity="4">
              <lines>
                <line number="145" hits="2" branch="False" />
                <line number="146" hits="2" branch="False" />
                <line number="147" hits="12" branch="True" condition-coverage="75% (3/4)">
                  <conditions>
                    <condition number="98" type="jump" coverage="100%" />
                    <condition number="76" type="jump" coverage="50%" />
                  </conditions>
                </line>
                <line number="149" hits="4" branch="False" />
                <line number="150" hits="4" branch="False" />
                <line number="152" hits="2" branch="False" />
                <line number="153" hits="2" branch="False" />
              </lines>
            </method>
            <method name="readFileDM" signature="(System.IO.FileStream)" line-rate="0.6093" branch-rate="0.6629999999999999" complexity="92">
              <lines>
                <line number="158" hits="2" branch="False" />
                <line number="159" hits="2" branch="False" />
                <line number="160" hits="2" branch="False" />
                <line number="161" hits="2" branch="False" />
                <line number="162" hits="2" branch="False" />
                <line number="164" hits="28" branch="True" condition-coverage="75% (3/4)">
                  <conditions>
                    <condition number="144" type="jump" coverage="100%" />
                    <condition number="127" type="jump" coverage="50%" />
                  </conditions>
                </line>
                <line number="166" hits="12" branch="False" />
                <line number="169" hits="16" branch="True" condition-coverage="75% (3/4)">
                  <conditions>
                    <condition number="1620" type="jump" coverage="100%" />
                    <condition number="1603" type="jump" coverage="50%" />
                  </conditions>
                </line>
                <line number="171" hits="6" branch="False" />
                <line number="172" hits="6" branch="False" />
                <line number="173" hits="6" branch="False" />
                <line number="174" hits="6" branch="True" condition-coverage="100% (2/2)">
                  <conditions>
                    <condition number="203" type="jump" coverage="100%" />
                  </conditions>
                </line>
                <line number="176" hits="84" branch="True" condition-coverage="100% (2/2)">
                  <conditions>
                    <condition number="1562" type="jump" coverage="100%" />
                  </conditions>
                </line>
                <line number="178" hits="36" branch="False" />
                <line number="179" hits="36" branch="True" condition-coverage="100% (4/4)">
                  <conditions>
                    <condition number="250" type="jump" coverage="100%" />
                    <condition number="265" type="jump" coverage="100%" />
                  </conditions>
                </line>
                <line number="181" hits="36" branch="True" condition-coverage="100% (2/2)">
                  <conditions>
                    <condition number="277" type="jump" coverage="100%" />
                  </conditions>
                </line>
                <line number="182" hits="36" branch="True" condition-coverage="50% (1/2)">
                  <conditions>
                    <condition number="296" type="jump" coverage="50%" />
                  </conditions>
                </line>
                <line number="183" hits="36" branch="False" />
                <line number="184" hits="36" branch="False" />
                <line number="186" hits="36" branch="False" />
                <line number="187" hits="36" branch="True" condition-coverage="50% (4/8)">
                  <conditions>
                    <condition number="384" type="switch" coverage="50%" />
                  </conditions>
                </line>
                <line number="190" hits="24" branch="False" />
                <line number="191" hits="24" branch="False" />
                <line number="193" hits="12" branch="False" />
                <line number="194" hits="12" branch="False" />
                <line number="196" hits="0" branch="False" />
                <line number="197" hits="0" branch="False" />
                <line number="199" hits="0" branch="False" />
                <line number="200" hits="0" branch="False" />
                <line number="202" hits="0" branch="False" />
                <line number="203" hits="0" branch="False" />
                <line number="205" hits="0" branch="False" />
                <line number="210" hits="36" branch="True" condition-coverage="62.5% (40/64)">
                  <conditions>
                    <condition number="541" type="jump" coverage="100%" />
                    <condition number="559" type="switch" coverage="62.5%" />
                    <condition number="611" type="jump" coverage="50%" />
                    <condition number="617" type="jump" coverage="0%" />
                    <condition number="640" type="jump" coverage="50%" />
                    <condition number="673" type="jump" coverage="50%" />
                    <condition number="682" type="jump" coverage="50%" />
                    <condition number="715" type="jump" coverage="0%" />
                    <condition number="748" type="jump" coverage="100%" />
                    <condition number="626" type="jump" coverage="50%" />
                    <condition number="649" type="jump" coverage="100%" />
                    <condition number="845" type="jump" coverage="50%" />
                    <condition number="691" type="jump" coverage="50%" />
                    <condition number="724" type="jump" coverage="50%" />
                    <condition number="1016" type="jump" coverage="100%" />
                    <condition number="757" type="jump" coverage="100%" />
                    <condition number="779" type="jump" coverage="50%" />
                    <condition number="801" type="jump" coverage="50%" />
                    <condition number="823" type="jump" coverage="50%" />
                    <condition number="884" type="jump" coverage="50%" />
                    <condition number="906" type="jump" coverage="100%" />
                    <condition number="862" type="jump" coverage="100%" />
                    <condition number="950" type="jump" coverage="50%" />
                    <condition number="928" type="jump" coverage="50%" />
                    <condition number="994" type="jump" coverage="50%" />
                    <condition number="972" type="jump" coverage="50%" />
                    <condition number="1033" type="jump" coverage="100%" />
                    <condition number="1055" type="jump" coverage="100%" />
                    <condition number="1077" type="jump" coverage="50%" />
                  </conditions>
                </line>
                <line number="213" hits="0" branch="False" />
                <line number="214" hits="0" branch="False" />
                <line number="216" hits="0" branch="False" />
                <line number="217" hits="0" branch="False" />
                <line number="219" hits="0" branch="False" />
                <line number="220" hits="0" branch="False" />
                <line number="222" hits="0" branch="False" />
                <line number="223" hits="0" branch="False" />
                <line number="225" hits="6" branch="False" />
                <line number="226" hits="6" branch="False" />
                <line number="228" hits="0" branch="False" />
                <line number="229" hits="0" branch="False" />
                <line number="231" hits="6" branch="False" />
                <line number="232" hits="6" branch="False" />
                <line number="234" hits="0" branch="False" />
                <line number="235" hits="0" branch="False" />
                <line number="238" hits="0" branch="False" />
                <line number="239" hits="0" branch="False" />
                <line number="241" hits="0" branch="False" />
                <line number="242" hits="0" branch="False" />
                <line number="244" hits="6" branch="False" />
                <line number="245" hits="6" branch="False" />
                <line number="247" hits="6" branch="False" />
                <line number="248" hits="6" branch="False" />
                <line number="250" hits="6" branch="False" />
                <line number="251" hits="6" branch="False" />
                <line number="253" hits="0" branch="False" />
                <line number="254" hits="0" branch="False" />
                <line number="256" hits="6" branch="False" />
                <line number="261" hits="6" branch="False" />
                <line number="264" hits="2" branch="False" />
              </lines>
            </method>
            <method name="createSheet" signature="(System.Data.DataTable,System.Int32)" line-rate="0.6" branch-rate="0.6612" complexity="62">
              <lines>
                <line number="269" hits="6" branch="True" condition-coverage="50% (1/2)">
                  <conditions>
                    <condition number="11" type="jump" coverage="50%" />
                  </conditions>
                </line>
                <line number="270" hits="6" branch="False" />
                <line number="271" hits="6" branch="False" />
                <line number="272" hits="6" branch="True" condition-coverage="100% (2/2)">
                  <conditions>
                    <condition number="73" type="jump" coverage="100%" />
                  </conditions>
                </line>
                <line number="274" hits="6" branch="False" />
                <line number="275" hits="84" branch="True" condition-coverage="100% (2/2)">
                  <conditions>
                    <condition number="154" type="jump" coverage="100%" />
                  </conditions>
                </line>
                <line number="277" hits="36" branch="False" />
                <line number="278" hits="36" branch="False" />
                <line number="281" hits="48" branch="True" condition-coverage="100% (2/2)">
                  <conditions>
                    <condition number="1249" type="jump" coverage="100%" />
                  </conditions>
                </line>
                <line number="283" hits="18" branch="False" />
                <line number="284" hits="252" branch="True" condition-coverage="100% (2/2)">
                  <conditions>
                    <condition number="1228" type="jump" coverage="100%" />
                  </conditions>
                </line>
                <line number="286" hits="108" branch="False" />
                <line number="287" hits="108" branch="True" condition-coverage="100% (2/2)">
                  <conditions>
                    <condition number="251" type="jump" coverage="100%" />
                  </conditions>
                </line>
                <line number="289" hits="36" branch="False" />
                <line number="290" hits="36" branch="False" />
                <line number="291" hits="36" branch="False" />
                <line number="292" hits="36" branch="False" />
                <line number="294" hits="108" branch="True" condition-coverage="60% (30/50)">
                  <conditions>
                    <condition number="359" type="jump" coverage="100%" />
                    <condition number="377" type="switch" coverage="75%" />
                    <condition number="413" type="jump" coverage="50%" />
                    <condition number="419" type="jump" coverage="0%" />
                    <condition number="442" type="jump" coverage="50%" />
                    <condition number="475" type="jump" coverage="50%" />
                    <condition number="481" type="jump" coverage="50%" />
                    <condition number="504" type="jump" coverage="0%" />
                    <condition number="537" type="jump" coverage="0%" />
                    <condition number="428" type="jump" coverage="50%" />
                    <condition number="451" type="jump" coverage="100%" />
                    <condition number="490" type="jump" coverage="100%" />
                    <condition number="513" type="jump" coverage="50%" />
                    <condition number="546" type="jump" coverage="50%" />
                    <condition number="568" type="jump" coverage="50%" />
                    <condition number="590" type="jump" coverage="50%" />
                    <condition number="612" type="jump" coverage="50%" />
                    <condition number="656" type="jump" coverage="50%" />
                    <condition number="678" type="jump" coverage="100%" />
                    <condition number="700" type="jump" coverage="50%" />
                    <condition number="744" type="jump" coverage="50%" />
                    <condition number="634" type="jump" coverage="100%" />
                    <condition number="722" type="jump" coverage="100%" />
                    <condition number="766" type="jump" coverage="100%" />
                  </conditions>
                </line>
                <line number="297" hits="0" branch="False" />
                <line number="298" hits="0" branch="False" />
                <line number="299" hits="0" branch="False" />
                <line number="301" hits="0" branch="False" />
                <line number="302" hits="0" branch="False" />
                <line number="303" hits="0" branch="False" />
                <line number="305" hits="0" branch="False" />
                <line number="306" hits="0" branch="False" />
                <line number="307" hits="0" branch="False" />
                <line number="309" hits="0" branch="False" />
                <line number="310" hits="0" branch="False" />
                <line number="311" hits="0" branch="False" />
                <line number="313" hits="18" branch="False" />
                <line number="314" hits="18" branch="False" />
                <line number="315" hits="18" branch="False" />
                <line number="317" hits="0" branch="False" />
                <line number="318" hits="0" branch="False" />
                <line number="319" hits="0" branch="False" />
                <line number="321" hits="0" branch="False" />
                <line number="322" hits="0" branch="False" />
                <line number="323" hits="0" branch="False" />
                <line number="327" hits="18" branch="False" />
                <line number="328" hits="18" branch="False" />
                <line number="329" hits="18" branch="False" />
                <line number="331" hits="72" branch="False" />
                <line number="332" hits="72" branch="False" />
                <line number="337" hits="6" branch="False" />
              </lines>
            </method>
            <method name="readSheet" signature="(System.Int32)" line-rate="0.6896" branch-rate="0.5925" complexity="27">
              <lines>
                <line number="341" hits="6" branch="False" />
                <line number="342" hits="6" branch="False" />
                <line number="343" hits="6" branch="False" />
                <line number="344" hits="6" branch="False" />
                <line number="346" hits="84" branch="True" condition-coverage="75% (3/4)">
                  <conditions>
                    <condition number="133" type="jump" coverage="100%" />
                    <condition number="116" type="jump" coverage="50%" />
                  </conditions>
                </line>
                <line number="348" hits="36" branch="False" />
                <line number="349" hits="36" branch="False" />
                <line number="351" hits="48" branch="True" condition-coverage="50% (3/6)">
                  <conditions>
                    <condition number="700" type="jump" coverage="100%" />
                    <condition number="592" type="jump" coverage="50%" />
                    <condition number="627" type="jump" coverage="0%" />
                  </conditions>
                </line>
                <line number="353" hits="18" branch="False" />
                <line number="354" hits="18" branch="False" />
                <line number="355" hits="18" branch="True" condition-coverage="100% (2/2)">
                  <conditions>
                    <condition number="175" type="jump" coverage="100%" />
                  </conditions>
                </line>
                <line number="357" hits="252" branch="True" condition-coverage="50% (3/6)">
                  <conditions>
                    <condition number="546" type="jump" coverage="100%" />
                    <condition number="438" type="jump" coverage="50%" />
                    <condition number="473" type="jump" coverage="0%" />
                  </conditions>
                </line>
                <line number="359" hits="108" branch="False" />
                <line number="360" hits="108" branch="True" condition-coverage="57.14% (4/7)">
                  <conditions>
                    <condition number="221" type="switch" coverage="57.14%" />
                  </conditions>
                </line>
                <line number="362" hits="36" branch="True" condition-coverage="50% (1/2)">
                  <conditions>
                    <condition number="262" type="jump" coverage="50%" />
                  </conditions>
                </line>
                <line number="363" hits="0" branch="False" />
                <line number="364" hits="0" branch="False" />
                <line number="366" hits="0" branch="False" />
                <line number="367" hits="0" branch="False" />
                <line number="368" hits="0" branch="False" />
                <line number="370" hits="36" branch="False" />
                <line number="371" hits="36" branch="False" />
                <line number="373" hits="0" branch="False" />
                <line number="374" hits="0" branch="False" />
                <line number="376" hits="0" branch="False" />
                <line number="377" hits="0" branch="False" />
                <line number="379" hits="72" branch="False" />
                <line number="384" hits="18" branch="False" />
                <line number="386" hits="6" branch="False" />
              </lines>
            </method>
            <method name="SetRange" signature="(ExcelConverter.SheetRange)" line-rate="1" branch-rate="1" complexity="1">
              <lines>
                <line number="391" hits="6" branch="False" />
                <line number="392" hits="6" branch="False" />
                <line number="393" hits="6" branch="False" />
                <line number="394" hits="6" branch="False" />
                <line number="395" hits="6" branch="False" />
                <line number="396" hits="6" branch="False" />
                <line number="397" hits="6" branch="False" />
              </lines>
            </method>
            <method name="setDataTypeStyle" signature="(System.Collections.Generic.Dictionary`2&lt;System.String,System.String&gt;)" line-rate="0.8" branch-rate="0.75" complexity="4">
              <lines>
                <line number="401" hits="4" branch="True" condition-coverage="100% (2/2)">
                  <conditions>
                    <condition number="83" type="jump" coverage="100%" />
                  </conditions>
                </line>
                <line number="403" hits="1" branch="True" condition-coverage="50% (1/2)">
                  <conditions>
                    <condition number="34" type="jump" coverage="50%" />
                  </conditions>
                </line>
                <line number="405" hits="1" branch="False" />
                <line number="409" hits="0" branch="False" />
                <line number="412" hits="1" branch="False" />
              </lines>
            </method>
            <method name=".ctor" signature="()" line-rate="1" branch-rate="1" complexity="1">
              <lines>
                <line number="12" hits="13" branch="False" />
                <line number="13" hits="13" branch="False" />
                <line number="14" hits="13" branch="False" />
                <line number="15" hits="13" branch="False" />
                <line number="16" hits="13" branch="False" />
                <line number="17" hits="13" branch="False" />
                <line number="18" hits="13" branch="False" />
                <line number="19" hits="13" branch="False" />
                <line number="20" hits="13" branch="False" />
                <line number="21" hits="13" branch="False" />
                <line number="22" hits="13" branch="False" />
                <line number="23" hits="13" branch="False" />
                <line number="24" hits="13" branch="False" />
                <line number="25" hits="13" branch="False" />
              </lines>
            </method>
          </methods>
          <lines>
            <line number="29" hits="2" branch="False" />
            <line number="30" hits="2" branch="False" />
            <line number="31" hits="2" branch="False" />
            <line number="32" hits="2" branch="False" />
            <line number="33" hits="2" branch="False" />
            <line number="34" hits="2" branch="False" />
            <line number="39" hits="12" branch="True" condition-coverage="75% (3/4)">
              <conditions>
                <condition number="81" type="jump" coverage="100%" />
                <condition number="59" type="jump" coverage="50%" />
              </conditions>
            </line>
            <line number="41" hits="4" branch="False" />
            <line number="42" hits="4" branch="False" />
            <line number="44" hits="2" branch="False" />
            <line number="45" hits="2" branch="False" />
            <line number="46" hits="2" branch="False" />
            <line number="47" hits="2" branch="False" />
            <line number="48" hits="2" branch="False" />
            <line number="53" hits="3" branch="False" />
            <line number="54" hits="3" branch="False" />
            <line number="55" hits="3" branch="False" />
            <line number="56" hits="3" branch="True" condition-coverage="100% (2/2)">
              <conditions>
                <condition number="69" type="jump" coverage="100%" />
              </conditions>
            </line>
            <line number="58" hits="3" branch="False" />
            <line number="59" hits="42" branch="True" condition-coverage="100% (2/2)">
              <conditions>
                <condition number="175" type="jump" coverage="100%" />
              </conditions>
            </line>
            <line number="61" hits="18" branch="False" />
            <line number="62" hits="18" branch="False" />
            <line number="63" hits="18" branch="True" condition-coverage="50% (1/2)">
              <conditions>
                <condition number="131" type="jump" coverage="50%" />
              </conditions>
            </line>
            <line number="64" hits="0" branch="False" />
            <line number="66" hits="18" branch="False" />
            <line number="69" hits="3" branch="False" />
            <line number="70" hits="24" branch="True" condition-coverage="100% (2/2)">
              <conditions>
                <condition number="1103" type="jump" coverage="100%" />
              </conditions>
            </line>
            <line number="72" hits="9" branch="False" />
            <line number="73" hits="126" branch="True" condition-coverage="100% (2/2)">
              <conditions>
                <condition number="1091" type="jump" coverage="100%" />
              </conditions>
            </line>
            <line number="75" hits="54" branch="False" />
            <line number="76" hits="54" branch="True" condition-coverage="100% (2/2)">
              <conditions>
                <condition number="280" type="jump" coverage="100%" />
              </conditions>
            </line>
            <line number="78" hits="18" branch="False" />
            <line number="79" hits="18" branch="False" />
            <line number="80" hits="18" branch="False" />
            <line number="81" hits="18" branch="False" />
            <line number="83" hits="54" branch="False" />
            <line number="84" hits="54" branch="True" condition-coverage="60% (30/50)">
              <conditions>
                <condition number="389" type="jump" coverage="100%" />
                <condition number="407" type="switch" coverage="75%" />
                <condition number="443" type="jump" coverage="50%" />
                <condition number="449" type="jump" coverage="0%" />
                <condition number="472" type="jump" coverage="50%" />
                <condition number="505" type="jump" coverage="50%" />
                <condition number="511" type="jump" coverage="50%" />
                <condition number="534" type="jump" coverage="0%" />
                <condition number="567" type="jump" coverage="0%" />
                <condition number="458" type="jump" coverage="50%" />
                <condition number="481" type="jump" coverage="100%" />
                <condition number="520" type="jump" coverage="100%" />
                <condition number="543" type="jump" coverage="50%" />
                <condition number="576" type="jump" coverage="50%" />
                <condition number="598" type="jump" coverage="50%" />
                <condition number="620" type="jump" coverage="50%" />
                <condition number="642" type="jump" coverage="50%" />
                <condition number="686" type="jump" coverage="50%" />
                <condition number="708" type="jump" coverage="100%" />
                <condition number="730" type="jump" coverage="50%" />
                <condition number="774" type="jump" coverage="50%" />
                <condition number="664" type="jump" coverage="100%" />
                <condition number="752" type="jump" coverage="100%" />
                <condition number="796" type="jump" coverage="100%" />
              </conditions>
            </line>
            <line number="87" hits="0" branch="False" />
            <line number="88" hits="0" branch="False" />
            <line number="89" hits="0" branch="False" />
            <line number="91" hits="0" branch="False" />
            <line number="92" hits="0" branch="False" />
            <line number="93" hits="0" branch="False" />
            <line number="95" hits="0" branch="False" />
            <line number="96" hits="0" branch="False" />
            <line number="97" hits="0" branch="False" />
            <line number="99" hits="0" branch="False" />
            <line number="100" hits="0" branch="False" />
            <line number="101" hits="0" branch="False" />
            <line number="103" hits="9" branch="False" />
            <line number="104" hits="9" branch="False" />
            <line number="105" hits="9" branch="False" />
            <line number="107" hits="0" branch="False" />
            <line number="108" hits="0" branch="False" />
            <line number="109" hits="0" branch="False" />
            <line number="111" hits="0" branch="False" />
            <line number="112" hits="0" branch="False" />
            <line number="113" hits="0" branch="False" />
            <line number="117" hits="9" branch="False" />
            <line number="118" hits="9" branch="False" />
            <line number="119" hits="9" branch="False" />
            <line number="121" hits="36" branch="False" />
            <line number="122" hits="36" branch="False" />
            <line number="127" hits="3" branch="False" />
            <line number="128" hits="3" branch="False" />
            <line number="129" hits="3" branch="False" />
            <line number="130" hits="3" branch="False" />
            <line number="131" hits="3" branch="False" />
            <line number="132" hits="3" branch="False" />
            <line number="137" hits="2" branch="False" />
            <line number="138" hits="2" branch="False" />
            <line number="139" hits="2" branch="False" />
            <line number="140" hits="2" branch="False" />
            <line number="145" hits="2" branch="False" />
            <line number="146" hits="2" branch="False" />
            <line number="147" hits="12" branch="True" condition-coverage="75% (3/4)">
              <conditions>
                <condition number="98" type="jump" coverage="100%" />
                <condition number="76" type="jump" coverage="50%" />
              </conditions>
            </line>
            <line number="149" hits="4" branch="False" />
            <line number="150" hits="4" branch="False" />
            <line number="152" hits="2" branch="False" />
            <line number="153" hits="2" branch="False" />
            <line number="158" hits="2" branch="False" />
            <line number="159" hits="2" branch="False" />
            <line number="160" hits="2" branch="False" />
            <line number="161" hits="2" branch="False" />
            <line number="162" hits="2" branch="False" />
            <line number="164" hits="28" branch="True" condition-coverage="75% (3/4)">
              <conditions>
                <condition number="144" type="jump" coverage="100%" />
                <condition number="127" type="jump" coverage="50%" />
              </conditions>
            </line>
            <line number="166" hits="12" branch="False" />
            <line number="169" hits="16" branch="True" condition-coverage="75% (3/4)">
              <conditions>
                <condition number="1620" type="jump" coverage="100%" />
                <condition number="1603" type="jump" coverage="50%" />
              </conditions>
            </line>
            <line number="171" hits="6" branch="False" />
            <line number="172" hits="6" branch="False" />
            <line number="173" hits="6" branch="False" />
            <line number="174" hits="6" branch="True" condition-coverage="100% (2/2)">
              <conditions>
                <condition number="203" type="jump" coverage="100%" />
              </conditions>
            </line>
            <line number="176" hits="84" branch="True" condition-coverage="100% (2/2)">
              <conditions>
                <condition number="1562" type="jump" coverage="100%" />
              </conditions>
            </line>
            <line number="178" hits="36" branch="False" />
            <line number="179" hits="36" branch="True" condition-coverage="100% (4/4)">
              <conditions>
                <condition number="250" type="jump" coverage="100%" />
                <condition number="265" type="jump" coverage="100%" />
              </conditions>
            </line>
            <line number="181" hits="36" branch="True" condition-coverage="100% (2/2)">
              <conditions>
                <condition number="277" type="jump" coverage="100%" />
              </conditions>
            </line>
            <line number="182" hits="36" branch="True" condition-coverage="50% (1/2)">
              <conditions>
                <condition number="296" type="jump" coverage="50%" />
              </conditions>
            </line>
            <line number="183" hits="36" branch="False" />
            <line number="184" hits="36" branch="False" />
            <line number="186" hits="36" branch="False" />
            <line number="187" hits="36" branch="True" condition-coverage="50% (4/8)">
              <conditions>
                <condition number="384" type="switch" coverage="50%" />
              </conditions>
            </line>
            <line number="190" hits="24" branch="False" />
            <line number="191" hits="24" branch="False" />
            <line number="193" hits="12" branch="False" />
            <line number="194" hits="12" branch="False" />
            <line number="196" hits="0" branch="False" />
            <line number="197" hits="0" branch="False" />
            <line number="199" hits="0" branch="False" />
            <line number="200" hits="0" branch="False" />
            <line number="202" hits="0" branch="False" />
            <line number="203" hits="0" branch="False" />
            <line number="205" hits="0" branch="False" />
            <line number="210" hits="36" branch="True" condition-coverage="62.5% (40/64)">
              <conditions>
                <condition number="541" type="jump" coverage="100%" />
                <condition number="559" type="switch" coverage="62.5%" />
                <condition number="611" type="jump" coverage="50%" />
                <condition number="617" type="jump" coverage="0%" />
                <condition number="640" type="jump" coverage="50%" />
                <condition number="673" type="jump" coverage="50%" />
                <condition number="682" type="jump" coverage="50%" />
                <condition number="715" type="jump" coverage="0%" />
                <condition number="748" type="jump" coverage="100%" />
                <condition number="626" type="jump" coverage="50%" />
                <condition number="649" type="jump" coverage="100%" />
                <condition number="845" type="jump" coverage="50%" />
                <condition number="691" type="jump" coverage="50%" />
                <condition number="724" type="jump" coverage="50%" />
                <condition number="1016" type="jump" coverage="100%" />
                <condition number="757" type="jump" coverage="100%" />
                <condition number="779" type="jump" coverage="50%" />
                <condition number="801" type="jump" coverage="50%" />
                <condition number="823" type="jump" coverage="50%" />
                <condition number="884" type="jump" coverage="50%" />
                <condition number="906" type="jump" coverage="100%" />
                <condition number="862" type="jump" coverage="100%" />
                <condition number="950" type="jump" coverage="50%" />
                <condition number="928" type="jump" coverage="50%" />
                <condition number="994" type="jump" coverage="50%" />
                <condition number="972" type="jump" coverage="50%" />
                <condition number="1033" type="jump" coverage="100%" />
                <condition number="1055" type="jump" coverage="100%" />
                <condition number="1077" type="jump" coverage="50%" />
              </conditions>
            </line>
            <line number="213" hits="0" branch="False" />
            <line number="214" hits="0" branch="False" />
            <line number="216" hits="0" branch="False" />
            <line number="217" hits="0" branch="False" />
            <line number="219" hits="0" branch="False" />
            <line number="220" hits="0" branch="False" />
            <line number="222" hits="0" branch="False" />
            <line number="223" hits="0" branch="False" />
            <line number="225" hits="6" branch="False" />
            <line number="226" hits="6" branch="False" />
            <line number="228" hits="0" branch="False" />
            <line number="229" hits="0" branch="False" />
            <line number="231" hits="6" branch="False" />
            <line number="232" hits="6" branch="False" />
            <line number="234" hits="0" branch="False" />
            <line number="235" hits="0" branch="False" />
            <line number="238" hits="0" branch="False" />
            <line number="239" hits="0" branch="False" />
            <line number="241" hits="0" branch="False" />
            <line number="242" hits="0" branch="False" />
            <line number="244" hits="6" branch="False" />
            <line number="245" hits="6" branch="False" />
            <line number="247" hits="6" branch="False" />
            <line number="248" hits="6" branch="False" />
            <line number="250" hits="6" branch="False" />
            <line number="251" hits="6" branch="False" />
            <line number="253" hits="0" branch="False" />
            <line number="254" hits="0" branch="False" />
            <line number="256" hits="6" branch="False" />
            <line number="261" hits="6" branch="False" />
            <line number="264" hits="2" branch="False" />
            <line number="269" hits="6" branch="True" condition-coverage="50% (1/2)">
              <conditions>
                <condition number="11" type="jump" coverage="50%" />
              </conditions>
            </line>
            <line number="270" hits="6" branch="False" />
            <line number="271" hits="6" branch="False" />
            <line number="272" hits="6" branch="True" condition-coverage="100% (2/2)">
              <conditions>
                <condition number="73" type="jump" coverage="100%" />
              </conditions>
            </line>
            <line number="274" hits="6" branch="False" />
            <line number="275" hits="84" branch="True" condition-coverage="100% (2/2)">
              <conditions>
                <condition number="154" type="jump" coverage="100%" />
              </conditions>
            </line>
            <line number="277" hits="36" branch="False" />
            <line number="278" hits="36" branch="False" />
            <line number="281" hits="48" branch="True" condition-coverage="100% (2/2)">
              <conditions>
                <condition number="1249" type="jump" coverage="100%" />
              </conditions>
            </line>
            <line number="283" hits="18" branch="False" />
            <line number="284" hits="252" branch="True" condition-coverage="100% (2/2)">
              <conditions>
                <condition number="1228" type="jump" coverage="100%" />
              </conditions>
            </line>
            <line number="286" hits="108" branch="False" />
            <line number="287" hits="108" branch="True" condition-coverage="100% (2/2)">
              <conditions>
                <condition number="251" type="jump" coverage="100%" />
              </conditions>
            </line>
            <line number="289" hits="36" branch="False" />
            <line number="290" hits="36" branch="False" />
            <line number="291" hits="36" branch="False" />
            <line number="292" hits="36" branch="False" />
            <line number="294" hits="108" branch="True" condition-coverage="60% (30/50)">
              <conditions>
                <condition number="359" type="jump" coverage="100%" />
                <condition number="377" type="switch" coverage="75%" />
                <condition number="413" type="jump" coverage="50%" />
                <condition number="419" type="jump" coverage="0%" />
                <condition number="442" type="jump" coverage="50%" />
                <condition number="475" type="jump" coverage="50%" />
                <condition number="481" type="jump" coverage="50%" />
                <condition number="504" type="jump" coverage="0%" />
                <condition number="537" type="jump" coverage="0%" />
                <condition number="428" type="jump" coverage="50%" />
                <condition number="451" type="jump" coverage="100%" />
                <condition number="490" type="jump" coverage="100%" />
                <condition number="513" type="jump" coverage="50%" />
                <condition number="546" type="jump" coverage="50%" />
                <condition number="568" type="jump" coverage="50%" />
                <condition number="590" type="jump" coverage="50%" />
                <condition number="612" type="jump" coverage="50%" />
                <condition number="656" type="jump" coverage="50%" />
                <condition number="678" type="jump" coverage="100%" />
                <condition number="700" type="jump" coverage="50%" />
                <condition number="744" type="jump" coverage="50%" />
                <condition number="634" type="jump" coverage="100%" />
                <condition number="722" type="jump" coverage="100%" />
                <condition number="766" type="jump" coverage="100%" />
              </conditions>
            </line>
            <line number="297" hits="0" branch="False" />
            <line number="298" hits="0" branch="False" />
            <line number="299" hits="0" branch="False" />
            <line number="301" hits="0" branch="False" />
            <line number="302" hits="0" branch="False" />
            <line number="303" hits="0" branch="False" />
            <line number="305" hits="0" branch="False" />
            <line number="306" hits="0" branch="False" />
            <line number="307" hits="0" branch="False" />
            <line number="309" hits="0" branch="False" />
            <line number="310" hits="0" branch="False" />
            <line number="311" hits="0" branch="False" />
            <line number="313" hits="18" branch="False" />
            <line number="314" hits="18" branch="False" />
            <line number="315" hits="18" branch="False" />
            <line number="317" hits="0" branch="False" />
            <line number="318" hits="0" branch="False" />
            <line number="319" hits="0" branch="False" />
            <line number="321" hits="0" branch="False" />
            <line number="322" hits="0" branch="False" />
            <line number="323" hits="0" branch="False" />
            <line number="327" hits="18" branch="False" />
            <line number="328" hits="18" branch="False" />
            <line number="329" hits="18" branch="False" />
            <line number="331" hits="72" branch="False" />
            <line number="332" hits="72" branch="False" />
            <line number="337" hits="6" branch="False" />
            <line number="341" hits="6" branch="False" />
            <line number="342" hits="6" branch="False" />
            <line number="343" hits="6" branch="False" />
            <line number="344" hits="6" branch="False" />
            <line number="346" hits="84" branch="True" condition-coverage="75% (3/4)">
              <conditions>
                <condition number="133" type="jump" coverage="100%" />
                <condition number="116" type="jump" coverage="50%" />
              </conditions>
            </line>
            <line number="348" hits="36" branch="False" />
            <line number="349" hits="36" branch="False" />
            <line number="351" hits="48" branch="True" condition-coverage="50% (3/6)">
              <conditions>
                <condition number="700" type="jump" coverage="100%" />
                <condition number="592" type="jump" coverage="50%" />
                <condition number="627" type="jump" coverage="0%" />
              </conditions>
            </line>
            <line number="353" hits="18" branch="False" />
            <line number="354" hits="18" branch="False" />
            <line number="355" hits="18" branch="True" condition-coverage="100% (2/2)">
              <conditions>
                <condition number="175" type="jump" coverage="100%" />
              </conditions>
            </line>
            <line number="357" hits="252" branch="True" condition-coverage="50% (3/6)">
              <conditions>
                <condition number="546" type="jump" coverage="100%" />
                <condition number="438" type="jump" coverage="50%" />
                <condition number="473" type="jump" coverage="0%" />
              </conditions>
            </line>
            <line number="359" hits="108" branch="False" />
            <line number="360" hits="108" branch="True" condition-coverage="57.14% (4/7)">
              <conditions>
                <condition number="221" type="switch" coverage="57.14%" />
              </conditions>
            </line>
            <line number="362" hits="36" branch="True" condition-coverage="50% (1/2)">
              <conditions>
                <condition number="262" type="jump" coverage="50%" />
              </conditions>
            </line>
            <line number="363" hits="0" branch="False" />
            <line number="364" hits="0" branch="False" />
            <line number="366" hits="0" branch="False" />
            <line number="367" hits="0" branch="False" />
            <line number="368" hits="0" branch="False" />
            <line number="370" hits="36" branch="False" />
            <line number="371" hits="36" branch="False" />
            <line number="373" hits="0" branch="False" />
            <line number="374" hits="0" branch="False" />
            <line number="376" hits="0" branch="False" />
            <line number="377" hits="0" branch="False" />
            <line number="379" hits="72" branch="False" />
            <line number="384" hits="18" branch="False" />
            <line number="386" hits="6" branch="False" />
            <line number="391" hits="6" branch="False" />
            <line number="392" hits="6" branch="False" />
            <line number="393" hits="6" branch="False" />
            <line number="394" hits="6" branch="False" />
            <line number="395" hits="6" branch="False" />
            <line number="396" hits="6" branch="False" />
            <line number="397" hits="6" branch="False" />
            <line number="401" hits="4" branch="True" condition-coverage="100% (2/2)">
              <conditions>
                <condition number="83" type="jump" coverage="100%" />
              </conditions>
            </line>
            <line number="403" hits="1" branch="True" condition-coverage="50% (1/2)">
              <conditions>
                <condition number="34" type="jump" coverage="50%" />
              </conditions>
            </line>
            <line number="405" hits="1" branch="False" />
            <line number="409" hits="0" branch="False" />
            <line number="412" hits="1" branch="False" />
            <line number="12" hits="13" branch="False" />
            <line number="13" hits="13" branch="False" />
            <line number="14" hits="13" branch="False" />
            <line number="15" hits="13" branch="False" />
            <line number="16" hits="13" branch="False" />
            <line number="17" hits="13" branch="False" />
            <line number="18" hits="13" branch="False" />
            <line number="19" hits="13" branch="False" />
            <line number="20" hits="13" branch="False" />
            <line number="21" hits="13" branch="False" />
            <line number="22" hits="13" branch="False" />
            <line number="23" hits="13" branch="False" />
            <line number="24" hits="13" branch="False" />
            <line number="25" hits="13" branch="False" />
          </lines>
        </class>
        <class name="ExcelConverter.SheetRange" filename="ExcelTableLocator\ExcelComponent.cs" line-rate="1" branch-rate="1" complexity="6">
          <methods>
            <method name="get_MinSheetIndex" signature="()" line-rate="1" branch-rate="1" complexity="1">
              <lines>
                <line number="417" hits="20" branch="False" />
              </lines>
            </method>
            <method name="get_MaxSheetIndex" signature="()" line-rate="1" branch-rate="1" complexity="1">
              <lines>
                <line number="418" hits="24" branch="False" />
              </lines>
            </method>
            <method name="get_MinRowIndex" signature="()" line-rate="1" branch-rate="1" complexity="1">
              <lines>
                <line number="419" hits="109" branch="False" />
              </lines>
            </method>
            <method name="get_MaxRowIndex" signature="()" line-rate="1" branch-rate="1" complexity="1">
              <lines>
                <line number="420" hits="44" branch="False" />
              </lines>
            </method>
            <method name="get_MinColIndex" signature="()" line-rate="1" branch-rate="1" complexity="1">
              <lines>
                <line number="421" hits="497" branch="False" />
              </lines>
            </method>
            <method name="get_MaxColIndex" signature="()" line-rate="1" branch-rate="1" complexity="1">
              <lines>
                <line number="422" hits="194" branch="False" />
              </lines>
            </method>
          </methods>
          <lines>
            <line number="417" hits="20" branch="False" />
            <line number="418" hits="24" branch="False" />
            <line number="419" hits="109" branch="False" />
            <line number="420" hits="44" branch="False" />
            <line number="421" hits="497" branch="False" />
            <line number="422" hits="194" branch="False" />
          </lines>
        </class>
      </classes>
    </package>
    <package name="SimpleMail" line-rate="0" branch-rate="0" complexity="21">
      <classes>
        <class name="SimpleMail.MailComponent" filename="SimpleMail\MySimpleMail.cs" line-rate="0" branch-rate="0" complexity="18">
          <methods>
            <method name="sendMail" signature="(System.String,System.String,System.Boolean)" line-rate="0" branch-rate="1" complexity="1">
              <lines>
                <line number="24" hits="0" branch="False" />
                <line number="25" hits="0" branch="False" />
                <line number="26" hits="0" branch="False" />
                <line number="27" hits="0" branch="False" />
                <line number="28" hits="0" branch="False" />
                <line number="29" hits="0" branch="False" />
                <line number="30" hits="0" branch="False" />
              </lines>
            </method>
            <method name="setReceiver" signature="(System.String)" line-rate="0" branch-rate="1" complexity="1">
              <lines>
                <line number="33" hits="0" branch="False" />
                <line number="34" hits="0" branch="False" />
              </lines>
            </method>
            <method name="setReceiver" signature="(System.String[])" line-rate="0" branch-rate="0" complexity="2">
              <lines>
                <line number="37" hits="0" branch="True" condition-coverage="0% (0/2)">
                  <conditions>
                    <condition number="25" type="jump" coverage="0%" />
                  </conditions>
                </line>
                <line number="39" hits="0" branch="False" />
                <line number="41" hits="0" branch="False" />
              </lines>
            </method>
            <method name="setCC" signature="(System.String)" line-rate="0" branch-rate="1" complexity="1">
              <lines>
                <line number="44" hits="0" branch="False" />
                <line number="45" hits="0" branch="False" />
              </lines>
            </method>
            <method name="setCC" signature="(System.String[])" line-rate="0" branch-rate="0" complexity="2">
              <lines>
                <line number="48" hits="0" branch="True" condition-coverage="0% (0/2)">
                  <conditions>
                    <condition number="25" type="jump" coverage="0%" />
                  </conditions>
                </line>
                <line number="50" hits="0" branch="False" />
                <line number="52" hits="0" branch="False" />
              </lines>
            </method>
            <method name="setPicture" signature="(System.String,System.String,System.String,System.String)" line-rate="0" branch-rate="1" complexity="1">
              <lines>
                <line number="55" hits="0" branch="False" />
                <line number="56" hits="0" branch="False" />
                <line number="57" hits="0" branch="False" />
                <line number="58" hits="0" branch="False" />
                <line number="59" hits="0" branch="False" />
                <line number="60" hits="0" branch="False" />
                <line number="61" hits="0" branch="False" />
              </lines>
            </method>
            <method name="setPicture" signature="(System.String,SimpleMail.MailPictureModel)" line-rate="0" branch-rate="1" complexity="1">
              <lines>
                <line number="64" hits="0" branch="False" />
                <line number="65" hits="0" branch="False" />
                <line number="66" hits="0" branch="False" />
                <line number="67" hits="0" branch="False" />
                <line number="68" hits="0" branch="False" />
                <line number="69" hits="0" branch="False" />
                <line number="70" hits="0" branch="False" />
              </lines>
            </method>
            <method name="setPicture" signature="(System.String,System.Collections.Generic.List`1&lt;SimpleMail.MailPictureModel&gt;)" line-rate="0" branch-rate="0" complexity="2">
              <lines>
                <line number="73" hits="0" branch="True" condition-coverage="0% (0/2)">
                  <conditions>
                    <condition number="32" type="jump" coverage="0%" />
                  </conditions>
                </line>
                <line number="75" hits="0" branch="False" />
                <line number="77" hits="0" branch="False" />
              </lines>
            </method>
            <method name="setAttachment" signature="(System.String)" line-rate="0" branch-rate="1" complexity="1">
              <lines>
                <line number="80" hits="0" branch="False" />
                <line number="81" hits="0" branch="False" />
              </lines>
            </method>
            <method name="setAttachment" signature="(System.String[])" line-rate="0" branch-rate="0" complexity="2">
              <lines>
                <line number="84" hits="0" branch="True" condition-coverage="0% (0/2)">
                  <conditions>
                    <condition number="25" type="jump" coverage="0%" />
                  </conditions>
                </line>
                <line number="86" hits="0" branch="False" />
                <line number="88" hits="0" branch="False" />
              </lines>
            </method>
            <method name="setAttachment" signature="(System.Net.Mail.Attachment)" line-rate="0" branch-rate="1" complexity="1">
              <lines>
                <line number="91" hits="0" branch="False" />
                <line number="92" hits="0" branch="False" />
              </lines>
            </method>
            <method name="setAttachment" signature="(System.Collections.Generic.List`1&lt;System.Net.Mail.Attachment&gt;)" line-rate="0" branch-rate="0" complexity="2">
              <lines>
                <line number="95" hits="0" branch="True" condition-coverage="0% (0/2)">
                  <conditions>
                    <condition number="31" type="jump" coverage="0%" />
                  </conditions>
                </line>
                <line number="97" hits="0" branch="False" />
                <line number="99" hits="0" branch="False" />
              </lines>
            </method>
            <method name=".ctor" signature="(System.String,System.String)" line-rate="0" branch-rate="1" complexity="1">
              <lines>
                <line number="9" hits="0" branch="False" />
                <line number="10" hits="0" branch="False" />
                <line number="12" hits="0" branch="False" />
                <line number="14" hits="0" branch="False" />
                <line number="15" hits="0" branch="False" />
                <line number="16" hits="0" branch="False" />
              </lines>
            </method>
          </methods>
          <lines>
            <line number="24" hits="0" branch="False" />
            <line number="25" hits="0" branch="False" />
            <line number="26" hits="0" branch="False" />
            <line number="27" hits="0" branch="False" />
            <line number="28" hits="0" branch="False" />
            <line number="29" hits="0" branch="False" />
            <line number="30" hits="0" branch="False" />
            <line number="33" hits="0" branch="False" />
            <line number="34" hits="0" branch="False" />
            <line number="37" hits="0" branch="True" condition-coverage="0% (0/2)">
              <conditions>
                <condition number="25" type="jump" coverage="0%" />
              </conditions>
            </line>
            <line number="39" hits="0" branch="False" />
            <line number="41" hits="0" branch="False" />
            <line number="44" hits="0" branch="False" />
            <line number="45" hits="0" branch="False" />
            <line number="48" hits="0" branch="True" condition-coverage="0% (0/2)">
              <conditions>
                <condition number="25" type="jump" coverage="0%" />
              </conditions>
            </line>
            <line number="50" hits="0" branch="False" />
            <line number="52" hits="0" branch="False" />
            <line number="55" hits="0" branch="False" />
            <line number="56" hits="0" branch="False" />
            <line number="57" hits="0" branch="False" />
            <line number="58" hits="0" branch="False" />
            <line number="59" hits="0" branch="False" />
            <line number="60" hits="0" branch="False" />
            <line number="61" hits="0" branch="False" />
            <line number="64" hits="0" branch="False" />
            <line number="65" hits="0" branch="False" />
            <line number="66" hits="0" branch="False" />
            <line number="67" hits="0" branch="False" />
            <line number="68" hits="0" branch="False" />
            <line number="69" hits="0" branch="False" />
            <line number="70" hits="0" branch="False" />
            <line number="73" hits="0" branch="True" condition-coverage="0% (0/2)">
              <conditions>
                <condition number="32" type="jump" coverage="0%" />
              </conditions>
            </line>
            <line number="75" hits="0" branch="False" />
            <line number="77" hits="0" branch="False" />
            <line number="80" hits="0" branch="False" />
            <line number="81" hits="0" branch="False" />
            <line number="84" hits="0" branch="True" condition-coverage="0% (0/2)">
              <conditions>
                <condition number="25" type="jump" coverage="0%" />
              </conditions>
            </line>
            <line number="86" hits="0" branch="False" />
            <line number="88" hits="0" branch="False" />
            <line number="91" hits="0" branch="False" />
            <line number="92" hits="0" branch="False" />
            <line number="95" hits="0" branch="True" condition-coverage="0% (0/2)">
              <conditions>
                <condition number="31" type="jump" coverage="0%" />
              </conditions>
            </line>
            <line number="97" hits="0" branch="False" />
            <line number="99" hits="0" branch="False" />
            <line number="9" hits="0" branch="False" />
            <line number="10" hits="0" branch="False" />
            <line number="12" hits="0" branch="False" />
            <line number="14" hits="0" branch="False" />
            <line number="15" hits="0" branch="False" />
            <line number="16" hits="0" branch="False" />
          </lines>
        </class>
        <class name="SimpleMail.MailPictureModel" filename="SimpleMail\MySimpleMail.cs" line-rate="0" branch-rate="1" complexity="3">
          <methods>
            <method name="get_ID" signature="()" line-rate="0" branch-rate="1" complexity="1">
              <lines>
                <line number="104" hits="0" branch="False" />
              </lines>
            </method>
            <method name="get_FilePath" signature="()" line-rate="0" branch-rate="1" complexity="1">
              <lines>
                <line number="105" hits="0" branch="False" />
              </lines>
            </method>
            <method name="get_Mime" signature="()" line-rate="0" branch-rate="1" complexity="1">
              <lines>
                <line number="106" hits="0" branch="False" />
              </lines>
            </method>
          </methods>
          <lines>
            <line number="104" hits="0" branch="False" />
            <line number="105" hits="0" branch="False" />
            <line number="106" hits="0" branch="False" />
          </lines>
        </class>
      </classes>
    </package>
    <package name="TableConveter" line-rate="0.9865999999999999" branch-rate="0.9704999999999999" complexity="37">
      <classes>
        <class name="TableConverter.DataTableExtensions" filename="TableConveter\DataExtensions.cs" line-rate="1" branch-rate="1" complexity="12">
          <methods>
            <method name="ToList" signature="(System.Data.DataTable)" line-rate="1" branch-rate="1" complexity="2">
              <lines>
                <line number="10" hits="1" branch="False" />
                <line number="11" hits="1" branch="False" />
                <line number="12" hits="8" branch="True" condition-coverage="100% (2/2)">
                  <conditions>
                    <condition number="72" type="jump" coverage="100%" />
                  </conditions>
                </line>
                <line number="14" hits="3" branch="False" />
                <line number="15" hits="3" branch="False" />
                <line number="17" hits="1" branch="False" />
              </lines>
            </method>
            <method name="ToList" signature="(System.Data.DataTable,System.Collections.Generic.Dictionary`2&lt;System.String,System.String&gt;)" line-rate="1" branch-rate="1" complexity="2">
              <lines>
                <line number="22" hits="1" branch="False" />
                <line number="23" hits="1" branch="False" />
                <line number="24" hits="8" branch="True" condition-coverage="100% (2/2)">
                  <conditions>
                    <condition number="73" type="jump" coverage="100%" />
                  </conditions>
                </line>
                <line number="26" hits="3" branch="False" />
                <line number="27" hits="3" branch="False" />
                <line number="29" hits="1" branch="False" />
              </lines>
            </method>
            <method name="CreateItemFromRow" signature="(System.Data.DataRow,System.Collections.Generic.IList`1&lt;System.Reflection.PropertyInfo&gt;)" line-rate="1" branch-rate="1" complexity="4">
              <lines>
                <line number="34" hits="3" branch="False" />
                <line number="35" hits="42" branch="True" condition-coverage="100% (2/2)">
                  <conditions>
                    <condition number="77" type="jump" coverage="100%" />
                  </conditions>
                </line>
                <line number="37" hits="18" branch="True" condition-coverage="100% (2/2)">
                  <conditions>
                    <condition number="44" type="jump" coverage="100%" />
                  </conditions>
                </line>
                <line number="39" hits="9" branch="False" />
                <line number="42" hits="3" branch="False" />
              </lines>
            </method>
            <method name="CreateItemFromRow" signature="(System.Data.DataRow,System.Collections.Generic.IList`1&lt;System.Reflection.PropertyInfo&gt;,System.Collections.Generic.Dictionary`2&lt;System.String,System.String&gt;)" line-rate="1" branch-rate="1" complexity="4">
              <lines>
                <line number="47" hits="3" branch="False" />
                <line number="48" hits="42" branch="True" condition-coverage="100% (2/2)">
                  <conditions>
                    <condition number="73" type="jump" coverage="100%" />
                  </conditions>
                </line>
                <line number="50" hits="18" branch="True" condition-coverage="100% (2/2)">
                  <conditions>
                    <condition number="34" type="jump" coverage="100%" />
                  </conditions>
                </line>
                <line number="52" hits="9" branch="False" />
                <line number="55" hits="3" branch="False" />
              </lines>
            </method>
          </methods>
          <lines>
            <line number="10" hits="1" branch="False" />
            <line number="11" hits="1" branch="False" />
            <line number="12" hits="8" branch="True" condition-coverage="100% (2/2)">
              <conditions>
                <condition number="72" type="jump" coverage="100%" />
              </conditions>
            </line>
            <line number="14" hits="3" branch="False" />
            <line number="15" hits="3" branch="False" />
            <line number="17" hits="1" branch="False" />
            <line number="22" hits="1" branch="False" />
            <line number="23" hits="1" branch="False" />
            <line number="24" hits="8" branch="True" condition-coverage="100% (2/2)">
              <conditions>
                <condition number="73" type="jump" coverage="100%" />
              </conditions>
            </line>
            <line number="26" hits="3" branch="False" />
            <line number="27" hits="3" branch="False" />
            <line number="29" hits="1" branch="False" />
            <line number="34" hits="3" branch="False" />
            <line number="35" hits="42" branch="True" condition-coverage="100% (2/2)">
              <conditions>
                <condition number="77" type="jump" coverage="100%" />
              </conditions>
            </line>
            <line number="37" hits="18" branch="True" condition-coverage="100% (2/2)">
              <conditions>
                <condition number="44" type="jump" coverage="100%" />
              </conditions>
            </line>
            <line number="39" hits="9" branch="False" />
            <line number="42" hits="3" branch="False" />
            <line number="47" hits="3" branch="False" />
            <line number="48" hits="42" branch="True" condition-coverage="100% (2/2)">
              <conditions>
                <condition number="73" type="jump" coverage="100%" />
              </conditions>
            </line>
            <line number="50" hits="18" branch="True" condition-coverage="100% (2/2)">
              <conditions>
                <condition number="34" type="jump" coverage="100%" />
              </conditions>
            </line>
            <line number="52" hits="9" branch="False" />
            <line number="55" hits="3" branch="False" />
          </lines>
        </class>
        <class name="TableConverter.DataModelExtensions" filename="TableConveter\DataExtensions.cs" line-rate="1" branch-rate="1" complexity="6">
          <methods>
            <method name="ToDataTable" signature="(System.Collections.Generic.List`1&lt;T&gt;)" line-rate="1" branch-rate="1" complexity="6">
              <lines>
                <line number="62" hits="8" branch="False" />
                <line number="64" hits="8" branch="False" />
                <line number="65" hits="112" branch="True" condition-coverage="100% (2/2)">
                  <conditions>
                    <condition number="84" type="jump" coverage="100%" />
                  </conditions>
                </line>
                <line number="68" hits="48" branch="False" />
                <line number="70" hits="64" branch="True" condition-coverage="100% (2/2)">
                  <conditions>
                    <condition number="176" type="jump" coverage="100%" />
                  </conditions>
                </line>
                <line number="72" hits="24" branch="False" />
                <line number="73" hits="336" branch="True" condition-coverage="100% (2/2)">
                  <conditions>
                    <condition number="153" type="jump" coverage="100%" />
                  </conditions>
                </line>
                <line number="76" hits="144" branch="False" />
                <line number="78" hits="24" branch="False" />
                <line number="81" hits="8" branch="False" />
              </lines>
            </method>
          </methods>
          <lines>
            <line number="62" hits="8" branch="False" />
            <line number="64" hits="8" branch="False" />
            <line number="65" hits="112" branch="True" condition-coverage="100% (2/2)">
              <conditions>
                <condition number="84" type="jump" coverage="100%" />
              </conditions>
            </line>
            <line number="68" hits="48" branch="False" />
            <line number="70" hits="64" branch="True" condition-coverage="100% (2/2)">
              <conditions>
                <condition number="176" type="jump" coverage="100%" />
              </conditions>
            </line>
            <line number="72" hits="24" branch="False" />
            <line number="73" hits="336" branch="True" condition-coverage="100% (2/2)">
              <conditions>
                <condition number="153" type="jump" coverage="100%" />
              </conditions>
            </line>
            <line number="76" hits="144" branch="False" />
            <line number="78" hits="24" branch="False" />
            <line number="81" hits="8" branch="False" />
          </lines>
        </class>
        <class name="TableConverter.Tokenization" filename="TableConveter\DataExtensions.cs" line-rate="0.975" branch-rate="0.9375" complexity="16">
          <methods>
            <method name="Segment" signature="(System.String)" line-rate="0.9704999999999999" branch-rate="0.9166" complexity="12">
              <lines>
                <line number="89" hits="1" branch="False" />
                <line number="90" hits="1" branch="False" />
                <line number="91" hits="1" branch="False" />
                <line number="92" hits="1" branch="False" />
                <line number="93" hits="1" branch="False" />
                <line number="94" hits="1" branch="False" />
                <line number="95" hits="1" branch="False" />
                <line number="96" hits="1" branch="False" />
                <line number="97" hits="32" branch="False" />
                <line number="98" hits="1" branch="False" />
                <line number="99" hits="120" branch="True" condition-coverage="100% (2/2)">
                  <conditions>
                    <condition number="665" type="jump" coverage="100%" />
                  </conditions>
                </line>
                <line number="101" hits="119" branch="False" />
                <line number="102" hits="119" branch="False" />
                <line number="103" hits="119" branch="False" />
                <line number="104" hits="119" branch="False" />
                <line number="105" hits="1190" branch="False" />
                <line number="106" hits="1190" branch="True" condition-coverage="100% (4/4)">
                  <conditions>
                    <condition number="20" type="jump" coverage="100%" />
                    <condition number="29" type="jump" coverage="100%" />
                  </conditions>
                </line>
                <line number="107" hits="119" branch="False" />
                <line number="108" hits="184" branch="False" />
                <line number="109" hits="184" branch="False" />
                <line number="110" hits="119" branch="False" />
                <line number="111" hits="1309" branch="False" />
                <line number="113" hits="119" branch="True" condition-coverage="50% (1/2)">
                  <conditions>
                    <condition number="477" type="jump" coverage="50%" />
                  </conditions>
                </line>
                <line number="115" hits="0" branch="False" />
                <line number="117" hits="119" branch="True" condition-coverage="100% (2/2)">
                  <conditions>
                    <condition number="533" type="jump" coverage="100%" />
                  </conditions>
                </line>
                <line number="118" hits="99" branch="False" />
                <line number="119" hits="99" branch="False" />
                <line number="120" hits="99" branch="False" />
                <line number="121" hits="99" branch="False" />
                <line number="122" hits="99" branch="False" />
                <line number="123" hits="99" branch="False" />
                <line number="124" hits="119" branch="True" condition-coverage="100% (2/2)">
                  <conditions>
                    <condition number="613" type="jump" coverage="100%" />
                  </conditions>
                </line>
                <line number="125" hits="119" branch="False" />
                <line number="127" hits="1" branch="False" />
              </lines>
            </method>
            <method name="Tokenize" signature="(System.String,System.Int32)" line-rate="1" branch-rate="1" complexity="4">
              <lines>
                <line number="132" hits="1" branch="False" />
                <line number="133" hits="1" branch="False" />
                <line number="134" hits="14" branch="True" condition-coverage="100% (2/2)">
                  <conditions>
                    <condition number="73" type="jump" coverage="100%" />
                  </conditions>
                </line>
                <line number="136" hits="126" branch="True" condition-coverage="100% (2/2)">
                  <conditions>
                    <condition number="65" type="jump" coverage="100%" />
                  </conditions>
                </line>
                <line number="138" hits="57" branch="False" />
                <line number="141" hits="1" branch="False" />
              </lines>
            </method>
          </methods>
          <lines>
            <line number="89" hits="1" branch="False" />
            <line number="90" hits="1" branch="False" />
            <line number="91" hits="1" branch="False" />
            <line number="92" hits="1" branch="False" />
            <line number="93" hits="1" branch="False" />
            <line number="94" hits="1" branch="False" />
            <line number="95" hits="1" branch="False" />
            <line number="96" hits="1" branch="False" />
            <line number="97" hits="32" branch="False" />
            <line number="98" hits="1" branch="False" />
            <line number="99" hits="120" branch="True" condition-coverage="100% (2/2)">
              <conditions>
                <condition number="665" type="jump" coverage="100%" />
              </conditions>
            </line>
            <line number="101" hits="119" branch="False" />
            <line number="102" hits="119" branch="False" />
            <line number="103" hits="119" branch="False" />
            <line number="104" hits="119" branch="False" />
            <line number="105" hits="1190" branch="False" />
            <line number="106" hits="1190" branch="True" condition-coverage="100% (4/4)">
              <conditions>
                <condition number="20" type="jump" coverage="100%" />
                <condition number="29" type="jump" coverage="100%" />
              </conditions>
            </line>
            <line number="107" hits="119" branch="False" />
            <line number="108" hits="184" branch="False" />
            <line number="109" hits="184" branch="False" />
            <line number="110" hits="119" branch="False" />
            <line number="111" hits="1309" branch="False" />
            <line number="113" hits="119" branch="True" condition-coverage="50% (1/2)">
              <conditions>
                <condition number="477" type="jump" coverage="50%" />
              </conditions>
            </line>
            <line number="115" hits="0" branch="False" />
            <line number="117" hits="119" branch="True" condition-coverage="100% (2/2)">
              <conditions>
                <condition number="533" type="jump" coverage="100%" />
              </conditions>
            </line>
            <line number="118" hits="99" branch="False" />
            <line number="119" hits="99" branch="False" />
            <line number="120" hits="99" branch="False" />
            <line number="121" hits="99" branch="False" />
            <line number="122" hits="99" branch="False" />
            <line number="123" hits="99" branch="False" />
            <line number="124" hits="119" branch="True" condition-coverage="100% (2/2)">
              <conditions>
                <condition number="613" type="jump" coverage="100%" />
              </conditions>
            </line>
            <line number="125" hits="119" branch="False" />
            <line number="127" hits="1" branch="False" />
            <line number="132" hits="1" branch="False" />
            <line number="133" hits="1" branch="False" />
            <line number="134" hits="14" branch="True" condition-coverage="100% (2/2)">
              <conditions>
                <condition number="73" type="jump" coverage="100%" />
              </conditions>
            </line>
            <line number="136" hits="126" branch="True" condition-coverage="100% (2/2)">
              <conditions>
                <condition number="65" type="jump" coverage="100%" />
              </conditions>
            </line>
            <line number="138" hits="57" branch="False" />
            <line number="141" hits="1" branch="False" />
          </lines>
        </class>
        <class name="TableConverter.TokenModel" filename="TableConveter\DataExtensions.cs" line-rate="1" branch-rate="1" complexity="3">
          <methods>
            <method name="get_ID" signature="()" line-rate="1" branch-rate="1" complexity="1">
              <lines>
                <line number="147" hits="156" branch="False" />
              </lines>
            </method>
            <method name="get_Context" signature="()" line-rate="1" branch-rate="1" complexity="1">
              <lines>
                <line number="148" hits="156" branch="False" />
              </lines>
            </method>
            <method name="get_Mark" signature="()" line-rate="1" branch-rate="1" complexity="1">
              <lines>
                <line number="149" hits="99" branch="False" />
              </lines>
            </method>
          </methods>
          <lines>
            <line number="147" hits="156" branch="False" />
            <line number="148" hits="156" branch="False" />
            <line number="149" hits="99" branch="False" />
          </lines>
        </class>
      </classes>
    </package>
  </packages>
</coverage>